2022-03-22 09:40:24,568 [Worker-2: Loading available Gradle versions] INFO  o.e.b.c.i.u.g.PublishedGradleVersions - Gradle version information cache is not available. Remote download required.
2022-03-22 09:40:55,753 [Worker-4: Loading available Gradle versions] INFO  o.e.b.c.i.u.g.PublishedGradleVersions - Gradle version information cache is up-to-date. Trying to read.
2022-03-22 15:12:41,623 [Worker-5: Loading available Gradle versions] INFO  o.e.b.c.i.u.g.PublishedGradleVersions - Gradle version information cache is up-to-date. Trying to read.
2022-03-22 16:21:28,341 [Start Help Server] INFO  org.eclipse.jetty.server.Server - jetty-10.0.6; built: 2021-06-29T15:28:56.259Z; git: 37e7731b4b142a882d73974ff3bec78d621bd674; jvm 16.0.2+7-67
2022-03-22 16:21:28,371 [Start Help Server] INFO  o.e.j.s.s.DefaultSessionIdManager - Session workerName=node0
2022-03-22 16:21:28,407 [Start Help Server] INFO  o.e.j.server.handler.ContextHandler - Started o.e.j.s.ServletContextHandler@407f308{/help,null,AVAILABLE}
2022-03-22 16:21:28,436 [Start Help Server] INFO  o.e.jetty.server.AbstractConnector - Started ServerConnector@1d709f91{HTTP/1.1, (http/1.1)}{127.0.0.1:56682}
2022-03-22 16:21:28,438 [Start Help Server] INFO  org.eclipse.jetty.server.Server - Started Server@62e4b90d{STARTING}[10.0.6,sto=0] @4147819ms
2022-03-22 16:32:15,570 [Stop Help Server] INFO  org.eclipse.jetty.server.Server - Stopped Server@62e4b90d{STOPPING}[10.0.6,sto=0]
2022-03-22 16:32:15,579 [Stop Help Server] INFO  o.e.jetty.server.AbstractConnector - Stopped ServerConnector@1d709f91{HTTP/1.1, (http/1.1)}{127.0.0.1:0}
2022-03-22 16:32:15,588 [Stop Help Server] INFO  o.e.j.server.handler.ContextHandler - Stopped o.e.j.s.ServletContextHandler@407f308{/help,null,STOPPED}
2022-03-23 07:46:16,005 [Worker-4: Loading available Gradle versions] INFO  o.e.b.c.i.u.g.PublishedGradleVersions - Gradle version information cache is up-to-date. Trying to read.
2022-03-23 12:41:38,643 [Start Help Server] INFO  org.eclipse.jetty.server.Server - jetty-10.0.6; built: 2021-06-29T15:28:56.259Z; git: 37e7731b4b142a882d73974ff3bec78d621bd674; jvm 16.0.2+7-67
2022-03-23 12:41:38,682 [Start Help Server] INFO  o.e.j.s.s.DefaultSessionIdManager - Session workerName=node0
2022-03-23 12:41:38,715 [Start Help Server] INFO  o.e.j.server.handler.ContextHandler - Started o.e.j.s.ServletContextHandler@616a1f3c{/help,null,AVAILABLE}
2022-03-23 12:41:38,747 [Start Help Server] INFO  o.e.jetty.server.AbstractConnector - Started ServerConnector@6df13a41{HTTP/1.1, (http/1.1)}{127.0.0.1:62311}
2022-03-23 12:41:38,750 [Start Help Server] INFO  org.eclipse.jetty.server.Server - Started Server@6052f131{STARTING}[10.0.6,sto=0] @17747643ms
2022-03-23 12:47:44,121 [Stop Help Server] INFO  org.eclipse.jetty.server.Server - Stopped Server@6052f131{STOPPING}[10.0.6,sto=0]
2022-03-23 12:47:44,131 [Stop Help Server] INFO  o.e.jetty.server.AbstractConnector - Stopped ServerConnector@6df13a41{HTTP/1.1, (http/1.1)}{127.0.0.1:0}
2022-03-23 12:47:44,144 [Stop Help Server] INFO  o.e.j.server.handler.ContextHandler - Stopped o.e.j.s.ServletContextHandler@616a1f3c{/help,null,STOPPED}
2022-03-23 12:47:52,481 [Worker-2: Loading available Gradle versions] INFO  o.e.b.c.i.u.g.PublishedGradleVersions - Gradle version information cache is out-of-date. Trying to update.
2022-03-24 08:06:57,333 [Worker-3: Loading available Gradle versions] INFO  o.e.b.c.i.u.g.PublishedGradleVersions - Gradle version information cache is up-to-date. Trying to read.
2022-03-24 08:15:07,484 [Start Help Server] INFO  org.eclipse.jetty.server.Server - jetty-10.0.6; built: 2021-06-29T15:28:56.259Z; git: 37e7731b4b142a882d73974ff3bec78d621bd674; jvm 16.0.2+7-67
2022-03-24 08:15:07,516 [Start Help Server] INFO  o.e.j.s.s.DefaultSessionIdManager - Session workerName=node0
2022-03-24 08:15:07,550 [Start Help Server] INFO  o.e.j.server.handler.ContextHandler - Started o.e.j.s.ServletContextHandler@1f92a280{/help,null,AVAILABLE}
2022-03-24 08:15:07,582 [Start Help Server] INFO  o.e.jetty.server.AbstractConnector - Started ServerConnector@475b3e06{HTTP/1.1, (http/1.1)}{127.0.0.1:62521}
2022-03-24 08:15:07,584 [Start Help Server] INFO  org.eclipse.jetty.server.Server - Started Server@4995e05a{STARTING}[10.0.6,sto=0] @518629ms
2022-03-24 10:09:57,717 [Stop Help Server] INFO  org.eclipse.jetty.server.Server - Stopped Server@4995e05a{STOPPING}[10.0.6,sto=0]
2022-03-24 10:09:57,742 [Stop Help Server] INFO  o.e.jetty.server.AbstractConnector - Stopped ServerConnector@475b3e06{HTTP/1.1, (http/1.1)}{127.0.0.1:0}
2022-03-24 10:09:57,774 [Stop Help Server] INFO  o.e.j.server.handler.ContextHandler - Stopped o.e.j.s.ServletContextHandler@1f92a280{/help,null,STOPPED}
2022-03-24 10:10:38,782 [Worker-3: Loading available Gradle versions] INFO  o.e.b.c.i.u.g.PublishedGradleVersions - Gradle version information cache is up-to-date. Trying to read.
2022-03-25 07:36:44,584 [Worker-5: Loading available Gradle versions] INFO  o.e.b.c.i.u.g.PublishedGradleVersions - Gradle version information cache is out-of-date. Trying to update.
2022-03-25 13:25:13,296 [Worker-3: Loading available Gradle versions] INFO  o.e.b.c.i.u.g.PublishedGradleVersions - Gradle version information cache is up-to-date. Trying to read.
2022-03-26 19:32:34,656 [Worker-6: Loading available Gradle versions] INFO  o.e.b.c.i.u.g.PublishedGradleVersions - Gradle version information cache is up-to-date. Trying to read.
2022-03-28 09:12:25,832 [Worker-3: Loading available Gradle versions] INFO  o.e.b.c.i.u.g.PublishedGradleVersions - Gradle version information cache is out-of-date. Trying to update.
2022-03-28 12:08:33,839 [Start Help Server] INFO  org.eclipse.jetty.server.Server - jetty-10.0.6; built: 2021-06-29T15:28:56.259Z; git: 37e7731b4b142a882d73974ff3bec78d621bd674; jvm 16.0.2+7-67
2022-03-28 12:08:33,861 [Start Help Server] INFO  o.e.j.s.s.DefaultSessionIdManager - Session workerName=node0
2022-03-28 12:08:33,893 [Start Help Server] INFO  o.e.j.server.handler.ContextHandler - Started o.e.j.s.ServletContextHandler@22c93db0{/help,null,AVAILABLE}
2022-03-28 12:08:33,916 [Start Help Server] INFO  o.e.jetty.server.AbstractConnector - Started ServerConnector@94c2988{HTTP/1.1, (http/1.1)}{127.0.0.1:52949}
2022-03-28 12:08:33,918 [Start Help Server] INFO  org.eclipse.jetty.server.Server - Started Server@4621c310{STARTING}[10.0.6,sto=0] @10679117ms
2022-03-28 12:18:57,098 [Stop Help Server] INFO  org.eclipse.jetty.server.Server - Stopped Server@4621c310{STOPPING}[10.0.6,sto=0]
2022-03-28 12:18:57,104 [Stop Help Server] INFO  o.e.jetty.server.AbstractConnector - Stopped ServerConnector@94c2988{HTTP/1.1, (http/1.1)}{127.0.0.1:0}
2022-03-28 12:18:57,112 [Stop Help Server] INFO  o.e.j.server.handler.ContextHandler - Stopped o.e.j.s.ServletContextHandler@22c93db0{/help,null,STOPPED}
2022-03-28 12:19:11,129 [Worker-4: Loading available Gradle versions] INFO  o.e.b.c.i.u.g.PublishedGradleVersions - Gradle version information cache is up-to-date. Trying to read.
2022-03-28 21:03:09,711 [Worker-7: Loading available Gradle versions] INFO  o.e.b.c.i.u.g.PublishedGradleVersions - Gradle version information cache is up-to-date. Trying to read.
2022-03-29 08:19:21,634 [Worker-1: Loading available Gradle versions] INFO  o.e.b.c.i.u.g.PublishedGradleVersions - Gradle version information cache is up-to-date. Trying to read.
2022-03-29 11:36:02,913 [Worker-3: Loading available Gradle versions] INFO  o.e.b.c.i.u.g.PublishedGradleVersions - Gradle version information cache is up-to-date. Trying to read.
2022-03-30 09:32:38,748 [Worker-13: Loading available Gradle versions] INFO  o.e.b.c.i.u.g.PublishedGradleVersions - Gradle version information cache is up-to-date. Trying to read.
2022-03-30 09:47:43,395 [Start Help Server] INFO  org.eclipse.jetty.server.Server - jetty-10.0.6; built: 2021-06-29T15:28:56.259Z; git: 37e7731b4b142a882d73974ff3bec78d621bd674; jvm 16.0.2+7-67
2022-03-30 09:47:43,418 [Start Help Server] INFO  o.e.j.s.s.DefaultSessionIdManager - Session workerName=node0
2022-03-30 09:47:43,459 [Start Help Server] INFO  o.e.j.server.handler.ContextHandler - Started o.e.j.s.ServletContextHandler@5266f2de{/help,null,AVAILABLE}
2022-03-30 09:47:43,496 [Start Help Server] INFO  o.e.jetty.server.AbstractConnector - Started ServerConnector@23244771{HTTP/1.1, (http/1.1)}{127.0.0.1:58370}
2022-03-30 09:47:43,498 [Start Help Server] INFO  org.eclipse.jetty.server.Server - Started Server@2da13de6{STARTING}[10.0.6,sto=0] @2345686ms
2022-03-30 17:56:05,069 [Stop Help Server] INFO  org.eclipse.jetty.server.Server - Stopped Server@2da13de6{STOPPING}[10.0.6,sto=0]
2022-03-30 17:56:05,071 [Stop Help Server] INFO  o.e.jetty.server.AbstractConnector - Stopped ServerConnector@23244771{HTTP/1.1, (http/1.1)}{127.0.0.1:0}
2022-03-30 17:56:05,079 [Stop Help Server] INFO  o.e.j.server.handler.ContextHandler - Stopped o.e.j.s.ServletContextHandler@5266f2de{/help,null,STOPPED}
2022-03-31 09:15:10,698 [Worker-0: Loading available Gradle versions] INFO  o.e.b.c.i.u.g.PublishedGradleVersions - Gradle version information cache is up-to-date. Trying to read.
2022-03-31 09:17:38,243 [Worker-2: Loading available Gradle versions] INFO  o.e.b.c.i.u.g.PublishedGradleVersions - Gradle version information cache is up-to-date. Trying to read.
2022-03-31 10:18:13,867 [Worker-2: Loading available Gradle versions] INFO  o.e.b.c.i.u.g.PublishedGradleVersions - Gradle version information cache is out-of-date. Trying to update.
2022-03-31 11:31:58,123 [Worker-0: Loading available Gradle versions] INFO  o.e.b.c.i.u.g.PublishedGradleVersions - Gradle version information cache is up-to-date. Trying to read.
2022-03-31 16:27:39,099 [Worker-4: Loading available Gradle versions] INFO  o.e.b.c.i.u.g.PublishedGradleVersions - Gradle version information cache is up-to-date. Trying to read.
2022-04-01 08:23:56,288 [Worker-5: Loading available Gradle versions] INFO  o.e.b.c.i.u.g.PublishedGradleVersions - Gradle version information cache is up-to-date. Trying to read.
2022-04-01 10:21:34,383 [Worker-3: Loading available Gradle versions] INFO  o.e.b.c.i.u.g.PublishedGradleVersions - Gradle version information cache is out-of-date. Trying to update.
2022-04-01 16:05:59,157 [Worker-0: Loading available Gradle versions] INFO  o.e.b.c.i.u.g.PublishedGradleVersions - Gradle version information cache is up-to-date. Trying to read.
2022-04-04 09:11:37,070 [Worker-5: Loading available Gradle versions] INFO  o.e.b.c.i.u.g.PublishedGradleVersions - Gradle version information cache is out-of-date. Trying to update.
2022-04-04 11:59:00,218 [Worker-4: Loading available Gradle versions] INFO  o.e.b.c.i.u.g.PublishedGradleVersions - Gradle version information cache is up-to-date. Trying to read.
2022-04-11 15:43:54,146 [Worker-8: Loading available Gradle versions] INFO  o.e.b.c.i.u.g.PublishedGradleVersions - Gradle version information cache is out-of-date. Trying to update.
2022-04-12 09:41:31,331 [Start Help Server] INFO  org.eclipse.jetty.server.Server - jetty-10.0.6; built: 2021-06-29T15:28:56.259Z; git: 37e7731b4b142a882d73974ff3bec78d621bd674; jvm 16.0.2+7-67
2022-04-12 09:41:31,359 [Start Help Server] INFO  o.e.j.s.s.DefaultSessionIdManager - Session workerName=node0
2022-04-12 09:41:31,385 [Start Help Server] INFO  o.e.j.server.handler.ContextHandler - Started o.e.j.s.ServletContextHandler@3b593a5e{/help,null,AVAILABLE}
2022-04-12 09:41:31,422 [Start Help Server] INFO  o.e.jetty.server.AbstractConnector - Started ServerConnector@2cee79f{HTTP/1.1, (http/1.1)}{127.0.0.1:61162}
2022-04-12 09:41:31,424 [Start Help Server] INFO  org.eclipse.jetty.server.Server - Started Server@3cc81be2{STARTING}[10.0.6,sto=0] @171551ms
2022-04-12 09:42:01,186 [Worker-8: Loading available Gradle versions] INFO  o.e.b.c.i.u.g.PublishedGradleVersions - Gradle version information cache is up-to-date. Trying to read.
2022-04-12 11:55:50,410 [Stop Help Server] INFO  org.eclipse.jetty.server.Server - Stopped Server@3cc81be2{STOPPING}[10.0.6,sto=0]
2022-04-12 11:55:50,413 [Stop Help Server] INFO  o.e.jetty.server.AbstractConnector - Stopped ServerConnector@2cee79f{HTTP/1.1, (http/1.1)}{127.0.0.1:0}
2022-04-12 11:55:50,422 [Stop Help Server] INFO  o.e.j.server.handler.ContextHandler - Stopped o.e.j.s.ServletContextHandler@3b593a5e{/help,null,STOPPED}
2022-04-12 13:44:36,941 [Worker-1: Loading available Gradle versions] INFO  o.e.b.c.i.u.g.PublishedGradleVersions - Gradle version information cache is up-to-date. Trying to read.
2022-04-20 08:59:59,236 [Worker-4: Loading available Gradle versions] INFO  o.e.b.c.i.u.g.PublishedGradleVersions - Gradle version information cache is up-to-date. Trying to read.
2022-04-20 14:44:52,856 [Worker-3: Loading available Gradle versions] INFO  o.e.b.c.i.u.g.PublishedGradleVersions - Gradle version information cache is up-to-date. Trying to read.
2022-04-20 15:36:07,634 [Start Help Server] INFO  org.eclipse.jetty.server.Server - jetty-10.0.6; built: 2021-06-29T15:28:56.259Z; git: 37e7731b4b142a882d73974ff3bec78d621bd674; jvm 16.0.2+7-67
2022-04-20 15:36:07,660 [Start Help Server] INFO  o.e.j.s.s.DefaultSessionIdManager - Session workerName=node0
2022-04-20 15:36:07,701 [Start Help Server] INFO  o.e.j.server.handler.ContextHandler - Started o.e.j.s.ServletContextHandler@5c0bc6d{/help,null,AVAILABLE}
2022-04-20 15:36:07,729 [Start Help Server] INFO  o.e.jetty.server.AbstractConnector - Started ServerConnector@15e56a5a{HTTP/1.1, (http/1.1)}{127.0.0.1:54656}
2022-04-20 15:36:07,731 [Start Help Server] INFO  org.eclipse.jetty.server.Server - Started Server@789aeaa3{STARTING}[10.0.6,sto=0] @3121390ms
2022-04-20 18:12:55,500 [Stop Help Server] INFO  org.eclipse.jetty.server.Server - Stopped Server@789aeaa3{STOPPING}[10.0.6,sto=0]
2022-04-20 18:12:55,505 [Stop Help Server] INFO  o.e.jetty.server.AbstractConnector - Stopped ServerConnector@15e56a5a{HTTP/1.1, (http/1.1)}{127.0.0.1:0}
2022-04-20 18:12:55,516 [Stop Help Server] INFO  o.e.j.server.handler.ContextHandler - Stopped o.e.j.s.ServletContextHandler@5c0bc6d{/help,null,STOPPED}
2022-04-21 09:52:38,357 [Worker-2: Loading available Gradle versions] INFO  o.e.b.c.i.u.g.PublishedGradleVersions - Gradle version information cache is out-of-date. Trying to update.
2022-04-22 14:17:51,877 [Worker-8: Loading available Gradle versions] INFO  o.e.b.c.i.u.g.PublishedGradleVersions - Gradle version information cache is out-of-date. Trying to update.
2022-04-26 12:13:05,368 [Worker-2: Loading available Gradle versions] INFO  o.e.b.c.i.u.g.PublishedGradleVersions - Gradle version information cache is up-to-date. Trying to read.
2022-04-26 14:35:11,037 [Worker-6: Loading available Gradle versions] INFO  o.e.b.c.i.u.g.PublishedGradleVersions - Gradle version information cache is up-to-date. Trying to read.
2022-04-26 14:37:14,612 [Start Help Server] INFO  org.eclipse.jetty.server.Server - jetty-10.0.6; built: 2021-06-29T15:28:56.259Z; git: 37e7731b4b142a882d73974ff3bec78d621bd674; jvm 16.0.2+7-67
2022-04-26 14:37:14,639 [Start Help Server] INFO  o.e.j.s.s.DefaultSessionIdManager - Session workerName=node0
2022-04-26 14:37:14,670 [Start Help Server] INFO  o.e.j.server.handler.ContextHandler - Started o.e.j.s.ServletContextHandler@708a8eb{/help,null,AVAILABLE}
2022-04-26 14:37:14,697 [Start Help Server] INFO  o.e.jetty.server.AbstractConnector - Started ServerConnector@71c453bd{HTTP/1.1, (http/1.1)}{127.0.0.1:55934}
2022-04-26 14:37:14,700 [Start Help Server] INFO  org.eclipse.jetty.server.Server - Started Server@4213d808{STARTING}[10.0.6,sto=0] @159982ms
2022-04-27 08:37:30,332 [Worker-1: Loading available Gradle versions] INFO  o.e.b.c.i.u.g.PublishedGradleVersions - Gradle version information cache is up-to-date. Trying to read.
2022-04-27 14:39:28,552 [Worker-0: Loading available Gradle versions] INFO  o.e.b.c.i.u.g.PublishedGradleVersions - Gradle version information cache is up-to-date. Trying to read.
2022-04-28 09:45:31,094 [Worker-2: Loading available Gradle versions] INFO  o.e.b.c.i.u.g.PublishedGradleVersions - Gradle version information cache is up-to-date. Trying to read.
2022-04-28 12:28:56,964 [Start Help Server] INFO  org.eclipse.jetty.server.Server - jetty-10.0.6; built: 2021-06-29T15:28:56.259Z; git: 37e7731b4b142a882d73974ff3bec78d621bd674; jvm 16.0.2+7-67
2022-04-28 12:28:56,990 [Start Help Server] INFO  o.e.j.s.s.DefaultSessionIdManager - Session workerName=node0
2022-04-28 12:28:57,024 [Start Help Server] INFO  o.e.j.server.handler.ContextHandler - Started o.e.j.s.ServletContextHandler@383634e{/help,null,AVAILABLE}
2022-04-28 12:28:57,068 [Start Help Server] INFO  o.e.jetty.server.AbstractConnector - Started ServerConnector@6e2741cc{HTTP/1.1, (http/1.1)}{127.0.0.1:61911}
2022-04-28 12:28:57,071 [Start Help Server] INFO  org.eclipse.jetty.server.Server - Started Server@65757995{STARTING}[10.0.6,sto=0] @9817043ms
2022-04-29 12:11:06,938 [Worker-2: Loading available Gradle versions] INFO  o.e.b.c.i.u.g.PublishedGradleVersions - Gradle version information cache is up-to-date. Trying to read.
2022-04-29 15:43:35,067 [main] INFO  org.eclipse.jetty.server.Server - jetty-10.0.6; built: 2021-06-29T15:28:56.259Z; git: 37e7731b4b142a882d73974ff3bec78d621bd674; jvm 16.0.2+7-67
2022-04-29 15:43:35,105 [main] INFO  o.e.j.s.s.DefaultSessionIdManager - Session workerName=node0
2022-04-29 15:43:35,131 [main] INFO  o.e.j.server.handler.ContextHandler - Started o.e.j.s.ServletContextHandler@30ec28cb{/wse,null,AVAILABLE}
2022-04-29 15:43:35,161 [main] INFO  o.e.jetty.server.AbstractConnector - Started ServerConnector@3d272f5f{HTTP/1.1, (http/1.1)}{0.0.0.0:54572}
2022-04-29 15:43:35,188 [main] INFO  org.eclipse.jetty.server.Server - Started Server@528b7a21{STARTING}[10.0.6,sto=0] @12784405ms
2022-05-02 09:52:11,737 [Worker-6: Loading available Gradle versions] INFO  o.e.b.c.i.u.g.PublishedGradleVersions - Gradle version information cache is out-of-date. Trying to update.
2022-05-02 10:04:21,394 [Worker-4: Loading available Gradle versions] INFO  o.e.b.c.i.u.g.PublishedGradleVersions - Gradle version information cache is up-to-date. Trying to read.
2022-05-04 09:31:21,815 [Worker-4: Loading available Gradle versions] INFO  o.e.b.c.i.u.g.PublishedGradleVersions - Gradle version information cache is out-of-date. Trying to update.
2022-05-04 17:09:49,605 [Worker-0: Loading available Gradle versions] INFO  o.e.b.c.i.u.g.PublishedGradleVersions - Gradle version information cache is up-to-date. Trying to read.
2022-05-05 09:10:31,993 [Worker-3: Loading available Gradle versions] INFO  o.e.b.c.i.u.g.PublishedGradleVersions - Gradle version information cache is up-to-date. Trying to read.
2022-05-06 09:07:02,474 [Worker-5: Loading available Gradle versions] INFO  o.e.b.c.i.u.g.PublishedGradleVersions - Gradle version information cache is up-to-date. Trying to read.
2022-05-06 13:28:50,738 [Worker-0: Loading available Gradle versions] INFO  o.e.b.c.i.u.g.PublishedGradleVersions - Gradle version information cache is up-to-date. Trying to read.
2022-05-09 08:55:56,606 [Worker-5: Loading available Gradle versions] INFO  o.e.b.c.i.u.g.PublishedGradleVersions - Gradle version information cache is out-of-date. Trying to update.
2022-05-09 15:44:03,676 [Worker-3: Loading available Gradle versions] INFO  o.e.b.c.i.u.g.PublishedGradleVersions - Gradle version information cache is up-to-date. Trying to read.
2022-05-10 09:07:13,276 [Worker-2: Loading available Gradle versions] INFO  o.e.b.c.i.u.g.PublishedGradleVersions - Gradle version information cache is out-of-date. Trying to update.
2022-05-10 15:29:35,759 [Worker-3: Loading available Gradle versions] INFO  o.e.b.c.i.u.g.PublishedGradleVersions - Gradle version information cache is up-to-date. Trying to read.
2022-05-11 08:44:00,464 [Worker-2: Loading available Gradle versions] INFO  o.e.b.c.i.u.g.PublishedGradleVersions - Gradle version information cache is up-to-date. Trying to read.
2022-05-13 09:26:58,533 [Worker-0: Loading available Gradle versions] INFO  o.e.b.c.i.u.g.PublishedGradleVersions - Gradle version information cache is up-to-date. Trying to read.
2022-05-13 14:19:46,628 [Start Help Server] INFO  org.eclipse.jetty.server.Server - jetty-10.0.6; built: 2021-06-29T15:28:56.259Z; git: 37e7731b4b142a882d73974ff3bec78d621bd674; jvm 16.0.2+7-67
2022-05-13 14:19:46,658 [Start Help Server] INFO  o.e.j.s.s.DefaultSessionIdManager - Session workerName=node0
2022-05-13 14:19:46,708 [Start Help Server] INFO  o.e.j.server.handler.ContextHandler - Started o.e.j.s.ServletContextHandler@4af3b3a2{/help,null,AVAILABLE}
2022-05-13 14:19:46,745 [Start Help Server] INFO  o.e.jetty.server.AbstractConnector - Started ServerConnector@2368fa9f{HTTP/1.1, (http/1.1)}{127.0.0.1:55738}
2022-05-13 14:19:46,864 [Start Help Server] INFO  org.eclipse.jetty.server.Server - Started Server@7df2e1e4{STARTING}[10.0.6,sto=0] @17588993ms
2022-05-13 14:29:08,568 [Stop Help Server] INFO  org.eclipse.jetty.server.Server - Stopped Server@7df2e1e4{STOPPING}[10.0.6,sto=0]
2022-05-13 14:29:08,571 [Stop Help Server] INFO  o.e.jetty.server.AbstractConnector - Stopped ServerConnector@2368fa9f{HTTP/1.1, (http/1.1)}{127.0.0.1:0}
2022-05-13 14:29:08,597 [Stop Help Server] INFO  o.e.j.server.handler.ContextHandler - Stopped o.e.j.s.ServletContextHandler@4af3b3a2{/help,null,STOPPED}
2022-05-13 14:29:19,387 [Worker-2: Loading available Gradle versions] INFO  o.e.b.c.i.u.g.PublishedGradleVersions - Gradle version information cache is up-to-date. Trying to read.
2022-05-16 07:55:44,664 [Worker-2: Loading available Gradle versions] INFO  o.e.b.c.i.u.g.PublishedGradleVersions - Gradle version information cache is out-of-date. Trying to update.
2022-05-17 07:46:04,507 [Worker-3: Loading available Gradle versions] INFO  o.e.b.c.i.u.g.PublishedGradleVersions - Gradle version information cache is up-to-date. Trying to read.
2022-05-18 09:15:50,154 [Worker-7: Loading available Gradle versions] INFO  o.e.b.c.i.u.g.PublishedGradleVersions - Gradle version information cache is up-to-date. Trying to read.
2022-05-18 12:26:42,127 [Worker-2: Loading available Gradle versions] INFO  o.e.b.c.i.u.g.PublishedGradleVersions - Gradle version information cache is out-of-date. Trying to update.
2022-05-18 17:07:18,208 [Worker-0: Loading available Gradle versions] INFO  o.e.b.c.i.u.g.PublishedGradleVersions - Gradle version information cache is up-to-date. Trying to read.
2022-05-18 17:27:30,652 [Worker-0: Loading available Gradle versions] INFO  o.e.b.c.i.u.g.PublishedGradleVersions - Gradle version information cache is up-to-date. Trying to read.
2022-05-18 17:31:41,167 [Worker-2: Loading available Gradle versions] INFO  o.e.b.c.i.u.g.PublishedGradleVersions - Gradle version information cache is up-to-date. Trying to read.
2022-05-18 17:42:32,192 [Worker-1: Loading available Gradle versions] INFO  o.e.b.c.i.u.g.PublishedGradleVersions - Gradle version information cache is up-to-date. Trying to read.
2022-05-19 07:54:21,053 [Worker-4: Loading available Gradle versions] INFO  o.e.b.c.i.u.g.PublishedGradleVersions - Gradle version information cache is up-to-date. Trying to read.
2022-05-19 07:59:46,213 [Start Help Server] INFO  org.eclipse.jetty.server.Server - jetty-10.0.6; built: 2021-06-29T15:28:56.259Z; git: 37e7731b4b142a882d73974ff3bec78d621bd674; jvm 16.0.2+7-67
2022-05-19 07:59:46,242 [Start Help Server] INFO  o.e.j.s.s.DefaultSessionIdManager - Session workerName=node0
2022-05-19 07:59:46,268 [Start Help Server] INFO  o.e.j.server.handler.ContextHandler - Started o.e.j.s.ServletContextHandler@f0f5d21{/help,null,AVAILABLE}
2022-05-19 07:59:46,323 [Start Help Server] INFO  o.e.jetty.server.AbstractConnector - Started ServerConnector@881c763{HTTP/1.1, (http/1.1)}{127.0.0.1:50044}
2022-05-19 07:59:46,365 [Start Help Server] INFO  org.eclipse.jetty.server.Server - Started Server@4fcfa640{STARTING}[10.0.6,sto=0] @347624ms
2022-05-19 08:07:48,130 [Stop Help Server] INFO  org.eclipse.jetty.server.Server - Stopped Server@4fcfa640{STOPPING}[10.0.6,sto=0]
2022-05-19 08:07:48,136 [Stop Help Server] INFO  o.e.jetty.server.AbstractConnector - Stopped ServerConnector@881c763{HTTP/1.1, (http/1.1)}{127.0.0.1:0}
2022-05-19 08:07:48,159 [Stop Help Server] INFO  o.e.j.server.handler.ContextHandler - Stopped o.e.j.s.ServletContextHandler@f0f5d21{/help,null,STOPPED}
2022-05-19 08:15:45,571 [Worker-2: Loading available Gradle versions] INFO  o.e.b.c.i.u.g.PublishedGradleVersions - Gradle version information cache is up-to-date. Trying to read.
2022-05-19 08:27:07,617 [Worker-4: Loading available Gradle versions] INFO  o.e.b.c.i.u.g.PublishedGradleVersions - Gradle version information cache is up-to-date. Trying to read.
2022-05-19 08:29:33,580 [Worker-4: Loading available Gradle versions] INFO  o.e.b.c.i.u.g.PublishedGradleVersions - Gradle version information cache is up-to-date. Trying to read.
2022-05-19 09:06:24,451 [Worker-6: Loading available Gradle versions] INFO  o.e.b.c.i.u.g.PublishedGradleVersions - Gradle version information cache is up-to-date. Trying to read.
2022-05-19 09:06:59,642 [Worker-3: Loading available Gradle versions] INFO  o.e.b.c.i.u.g.PublishedGradleVersions - Gradle version information cache is up-to-date. Trying to read.
2022-05-19 09:11:41,604 [Worker-4: Loading available Gradle versions] INFO  o.e.b.c.i.u.g.PublishedGradleVersions - Gradle version information cache is up-to-date. Trying to read.
2022-05-19 14:26:50,863 [Worker-0: Loading available Gradle versions] INFO  o.e.b.c.i.u.g.PublishedGradleVersions - Gradle version information cache is out-of-date. Trying to update.
2022-05-19 14:37:24,796 [Worker-2: Loading available Gradle versions] INFO  o.e.b.c.i.u.g.PublishedGradleVersions - Gradle version information cache is up-to-date. Trying to read.
2022-05-20 12:15:01,133 [Worker-3: Loading available Gradle versions] INFO  o.e.b.c.i.u.g.PublishedGradleVersions - Gradle version information cache is up-to-date. Trying to read.
2022-05-20 14:09:07,157 [Worker-9: Loading available Gradle versions] INFO  o.e.b.c.i.u.g.PublishedGradleVersions - Gradle version information cache is up-to-date. Trying to read.
2022-05-20 14:56:48,636 [Worker-4: Loading available Gradle versions] INFO  o.e.b.c.i.u.g.PublishedGradleVersions - Gradle version information cache is out-of-date. Trying to update.
2022-05-20 15:21:51,724 [Worker-2: Loading available Gradle versions] INFO  o.e.b.c.i.u.g.PublishedGradleVersions - Gradle version information cache is up-to-date. Trying to read.
2022-05-21 13:13:57,668 [Worker-2: Loading available Gradle versions] INFO  o.e.b.c.i.u.g.PublishedGradleVersions - Gradle version information cache is up-to-date. Trying to read.
2022-05-23 07:47:17,652 [Worker-7: Loading available Gradle versions] INFO  o.e.b.c.i.u.g.PublishedGradleVersions - Gradle version information cache is out-of-date. Trying to update.
2022-05-23 09:55:09,936 [Worker-6: Loading available Gradle versions] INFO  o.e.b.c.i.u.g.PublishedGradleVersions - Gradle version information cache is up-to-date. Trying to read.
2022-05-23 10:39:20,065 [Worker-0: Loading available Gradle versions] INFO  o.e.b.c.i.u.g.PublishedGradleVersions - Gradle version information cache is up-to-date. Trying to read.
2022-05-23 10:50:29,975 [Worker-0: Loading available Gradle versions] INFO  o.e.b.c.i.u.g.PublishedGradleVersions - Gradle version information cache is up-to-date. Trying to read.
2022-05-23 11:56:15,572 [Worker-1: Loading available Gradle versions] INFO  o.e.b.c.i.u.g.PublishedGradleVersions - Gradle version information cache is up-to-date. Trying to read.
2022-05-23 12:13:43,822 [Worker-0: Loading available Gradle versions] INFO  o.e.b.c.i.u.g.PublishedGradleVersions - Gradle version information cache is up-to-date. Trying to read.
2022-05-23 15:15:00,958 [Worker-1: Loading available Gradle versions] INFO  o.e.b.c.i.u.g.PublishedGradleVersions - Gradle version information cache is up-to-date. Trying to read.
2022-05-24 07:42:29,201 [Worker-1: Loading available Gradle versions] INFO  o.e.b.c.i.u.g.PublishedGradleVersions - Gradle version information cache is up-to-date. Trying to read.
2022-05-24 09:43:36,707 [Worker-0: Loading available Gradle versions] INFO  o.e.b.c.i.u.g.PublishedGradleVersions - Gradle version information cache is out-of-date. Trying to update.
2022-05-24 17:34:46,826 [Worker-0: Loading available Gradle versions] INFO  o.e.b.c.i.u.g.PublishedGradleVersions - Gradle version information cache is up-to-date. Trying to read.
2022-05-25 07:46:27,433 [Worker-4: Loading available Gradle versions] INFO  o.e.b.c.i.u.g.PublishedGradleVersions - Gradle version information cache is up-to-date. Trying to read.
2022-05-25 15:07:07,047 [Worker-9: Loading available Gradle versions] INFO  o.e.b.c.i.u.g.PublishedGradleVersions - Gradle version information cache is out-of-date. Trying to update.
2022-05-25 17:01:51,090 [Worker-11: Loading available Gradle versions] INFO  o.e.b.c.i.u.g.PublishedGradleVersions - Gradle version information cache is up-to-date. Trying to read.
2022-05-25 17:42:10,002 [Worker-14: Loading available Gradle versions] INFO  o.e.b.c.i.u.g.PublishedGradleVersions - Gradle version information cache is up-to-date. Trying to read.
2022-05-25 17:52:31,039 [Worker-4: Loading available Gradle versions] INFO  o.e.b.c.i.u.g.PublishedGradleVersions - Gradle version information cache is up-to-date. Trying to read.
2022-05-26 07:46:33,463 [Worker-5: Loading available Gradle versions] INFO  o.e.b.c.i.u.g.PublishedGradleVersions - Gradle version information cache is up-to-date. Trying to read.
2022-05-26 07:50:50,999 [Worker-4: Loading available Gradle versions] INFO  o.e.b.c.i.u.g.PublishedGradleVersions - Gradle version information cache is up-to-date. Trying to read.
2022-05-26 08:11:25,295 [Worker-4: Loading available Gradle versions] INFO  o.e.b.c.i.u.g.PublishedGradleVersions - Gradle version information cache is up-to-date. Trying to read.
2022-05-26 09:12:26,102 [Worker-3: Loading available Gradle versions] INFO  o.e.b.c.i.u.g.PublishedGradleVersions - Gradle version information cache is up-to-date. Trying to read.
2022-05-26 09:14:43,491 [Worker-2: Loading available Gradle versions] INFO  o.e.b.c.i.u.g.PublishedGradleVersions - Gradle version information cache is up-to-date. Trying to read.
2022-05-26 12:17:49,962 [Worker-2: Loading available Gradle versions] INFO  o.e.b.c.i.u.g.PublishedGradleVersions - Gradle version information cache is up-to-date. Trying to read.
2022-05-26 13:01:14,684 [Worker-5: Loading available Gradle versions] INFO  o.e.b.c.i.u.g.PublishedGradleVersions - Gradle version information cache is up-to-date. Trying to read.
2022-05-26 17:12:58,888 [Worker-3: Loading available Gradle versions] INFO  o.e.b.c.i.u.g.PublishedGradleVersions - Gradle version information cache is up-to-date. Trying to read.
2022-05-26 17:18:43,317 [Worker-0: Loading available Gradle versions] INFO  o.e.b.c.i.u.g.PublishedGradleVersions - Gradle version information cache is up-to-date. Trying to read.
2022-05-27 09:30:18,078 [Worker-6: Loading available Gradle versions] INFO  o.e.b.c.i.u.g.PublishedGradleVersions - Gradle version information cache is up-to-date. Trying to read.
